Using pre-set license
Built from '2020.3/staging' branch; Version is '2020.3.25f1 (9b9180224418) revision 10195328'; Using compiler version '192528614'; Build Type 'Release'
OS: 'Windows 10  (10.0.19043) 64bit Professional' Language: 'zh' Physical Memory: 16217 MB
BatchMode: 1, IsHumanControllingUs: 0, StartBugReporterOnCrash: 0, Is64bit: 1, IsPro: 0

COMMAND LINE ARGUMENTS:
C:\Program Files\Unity\Hub\Editor\2020.3.25f1\Editor\Unity.exe
-adb2
-batchMode
-noUpm
-name
AssetImportWorker0
-projectPath
C:/Users/user/Desktop/0/UNITY_TNU_WebGame_20220222_B/22a
-logFile
Logs/AssetImportWorker0.log
-srvPort
1474
Successfully changed project path to: C:/Users/user/Desktop/0/UNITY_TNU_WebGame_20220222_B/22a
C:/Users/user/Desktop/0/UNITY_TNU_WebGame_20220222_B/22a
Using Asset Import Pipeline V2.
Refreshing native plugins compatible for Editor in 39.26 ms, found 3 plugins.
Preloading 0 native plugins for Editor in 0.00 ms.
Initialize engine version: 2020.3.25f1 (9b9180224418)
[Subsystems] Discovering subsystems at path C:/Program Files/Unity/Hub/Editor/2020.3.25f1/Editor/Data/Resources/UnitySubsystems
[Subsystems] Discovering subsystems at path C:/Users/user/Desktop/0/UNITY_TNU_WebGame_20220222_B/22a/Assets
GfxDevice: creating device client; threaded=0
Direct3D:
    Version:  Direct3D 11.0 [level 11.1]
    Renderer: NVIDIA GeForce GTX 1650 SUPER (ID=0x2187)
    Vendor:   
    VRAM:     3955 MB
    Driver:   27.21.14.5671
Initialize mono
Mono path[0] = 'C:/Program Files/Unity/Hub/Editor/2020.3.25f1/Editor/Data/Managed'
Mono path[1] = 'C:/Program Files/Unity/Hub/Editor/2020.3.25f1/Editor/Data/MonoBleedingEdge/lib/mono/unityjit'
Mono config path = 'C:/Program Files/Unity/Hub/Editor/2020.3.25f1/Editor/Data/MonoBleedingEdge/etc'
Using monoOptions --debugger-agent=transport=dt_socket,embedding=1,server=y,suspend=n,address=127.0.0.1:56808
Begin MonoManager ReloadAssembly
Registering precompiled unity dll's ...
Register platform support module: C:/Program Files/Unity/Hub/Editor/2020.3.25f1/Editor/Data/PlaybackEngines/WebGLSupport/UnityEditor.WebGL.Extensions.dll
Register platform support module: C:/Program Files/Unity/Hub/Editor/2020.3.25f1/Editor/Data/PlaybackEngines/WindowsStandaloneSupport/UnityEditor.WindowsStandalone.Extensions.dll
Registered in 0.004440 seconds.
Native extension for WindowsStandalone target not found
Native extension for WebGL target not found
Refreshing native plugins compatible for Editor in 35.84 ms, found 3 plugins.
Preloading 0 native plugins for Editor in 0.00 ms.
Mono: successfully reloaded assembly
- Completed reload, in  0.521 seconds
Domain Reload Profiling:
	ReloadAssembly (521ms)
		BeginReloadAssembly (63ms)
			ExecutionOrderSort (0ms)
			DisableScriptedObjects (0ms)
			BackupInstance (0ms)
			ReleaseScriptingObjects (0ms)
			CreateAndSetChildDomain (1ms)
		EndReloadAssembly (384ms)
			LoadAssemblies (60ms)
			RebuildTransferFunctionScriptingTraits (0ms)
			SetupTypeCache (125ms)
			ReleaseScriptCaches (0ms)
			RebuildScriptCaches (24ms)
			SetupLoadedEditorAssemblies (141ms)
				LogAssemblyErrors (0ms)
				InitializePlatformSupportModulesInManaged (5ms)
				SetLoadedEditorAssemblies (0ms)
				RefreshPlugins (36ms)
				BeforeProcessingInitializeOnLoad (7ms)
				ProcessInitializeOnLoadAttributes (70ms)
				ProcessInitializeOnLoadMethodAttributes (24ms)
				AfterProcessingInitializeOnLoad (0ms)
				EditorAssembliesLoaded (0ms)
			ExecutionOrderSort2 (0ms)
			AwakeInstancesAfterBackupRestoration (0ms)
Platform modules already initialized, skipping
Registering precompiled user dll's ...
Registered in 0.006288 seconds.
Begin MonoManager ReloadAssembly
Native extension for WindowsStandalone target not found
Native extension for WebGL target not found
Refreshing native plugins compatible for Editor in 36.32 ms, found 3 plugins.
Preloading 0 native plugins for Editor in 0.00 ms.
Mono: successfully reloaded assembly
- Completed reload, in  0.990 seconds
Domain Reload Profiling:
	ReloadAssembly (991ms)
		BeginReloadAssembly (137ms)
			ExecutionOrderSort (0ms)
			DisableScriptedObjects (4ms)
			BackupInstance (0ms)
			ReleaseScriptingObjects (0ms)
			CreateAndSetChildDomain (14ms)
		EndReloadAssembly (788ms)
			LoadAssemblies (98ms)
			RebuildTransferFunctionScriptingTraits (0ms)
			SetupTypeCache (255ms)
			ReleaseScriptCaches (0ms)
			RebuildScriptCaches (37ms)
			SetupLoadedEditorAssemblies (300ms)
				LogAssemblyErrors (0ms)
				InitializePlatformSupportModulesInManaged (4ms)
				SetLoadedEditorAssemblies (0ms)
				RefreshPlugins (36ms)
				BeforeProcessingInitializeOnLoad (75ms)
				ProcessInitializeOnLoadAttributes (157ms)
				ProcessInitializeOnLoadMethodAttributes (14ms)
				AfterProcessingInitializeOnLoad (13ms)
				EditorAssembliesLoaded (0ms)
			ExecutionOrderSort2 (0ms)
			AwakeInstancesAfterBackupRestoration (6ms)
Platform modules already initialized, skipping
========================================================================
Worker process is ready to serve import requests
Launched and connected shader compiler UnityShaderCompiler.exe after 0.03 seconds
Refreshing native plugins compatible for Editor in 0.45 ms, found 3 plugins.
Preloading 0 native plugins for Editor in 0.00 ms.
Unloading 2194 Unused Serialized files (Serialized files now loaded: 0)
System memory in use before: 95.8 MB.
System memory in use after: 95.9 MB.

Unloading 28 unused Assets to reduce memory usage. Loaded Objects now: 2627.
Total: 2.360500 ms (FindLiveObjects: 0.141700 ms CreateObjectMapping: 0.070100 ms MarkObjects: 2.102000 ms  DeleteObjects: 0.045700 ms)

AssetImportParameters requested are different than current active one (requested -> active):
  custom:framework-win-MediaFoundation: 216162199b28c13a410421893ffa2e32 -> 
  custom:video-decoder-ogg-theora: a1e56fd34408186e4bbccfd4996cb3dc -> 
  custom:container-muxer-webm: aa71ff27fc2769a1b78a27578f13a17b -> 
  custom:container-demuxer-webm: 4f35f7cbe854078d1ac9338744f61a02 -> 
  custom:container-demuxer-ogg: 62fdf1f143b41e24485cea50d1cbac27 -> 
  custom:video-encoder-webm-vp8: eb34c28f22e8b96e1ab97ce403110664 -> 
  custom:video-decoder-webm-vp8: 9c59270c3fd7afecdb556c50c9e8de78 -> 
  custom:audio-decoder-ogg-vorbis: bf7c407c2cedff20999df2af8eb42d56 -> 
  custom:audio-encoder-webm-vorbis: bf7c407c2cedff20999df2af8eb42d56 -> 
========================================================================
Received Import Request.
  path: Assets/aa/grass.png
  artifactKey: Guid(fc8e3c7ed7b99504cbe49800641515f3) Importer(815301076,1909f56bfc062723c751e8b465ee728b)
Start importing Assets/aa/grass.png using Guid(fc8e3c7ed7b99504cbe49800641515f3) Importer(815301076,1909f56bfc062723c751e8b465ee728b)  -> (artifact id: '13d0ea502b6af02662fafd2ebef54d9d') in 0.109440 seconds 
  Import took 0.112009 seconds .

========================================================================
Received Import Request.
  Time since last request: 0.000213 seconds.
  path: Assets/aa/TilesetGraveyard.png
  artifactKey: Guid(d0324b9aaa713264cb1f0d145fafb6d3) Importer(815301076,1909f56bfc062723c751e8b465ee728b)
Start importing Assets/aa/TilesetGraveyard.png using Guid(d0324b9aaa713264cb1f0d145fafb6d3) Importer(815301076,1909f56bfc062723c751e8b465ee728b)  -> (artifact id: '9b15150360eb7a670d4e2827902a8418') in 0.177734 seconds 
  Import took 0.180481 seconds .

========================================================================
Received Import Request.
  Time since last request: 0.000203 seconds.
  path: Assets/aa/decor_16x16.png
  artifactKey: Guid(e1147793e19fbc84a829cf7aaae735d5) Importer(815301076,1909f56bfc062723c751e8b465ee728b)
Start importing Assets/aa/decor_16x16.png using Guid(e1147793e19fbc84a829cf7aaae735d5) Importer(815301076,1909f56bfc062723c751e8b465ee728b)  -> (artifact id: 'c52f746a08b69d8a5346cf5114c53b8f') in 0.028257 seconds 
  Import took 0.030803 seconds .

========================================================================
Received Import Request.
  Time since last request: 0.000194 seconds.
  path: Assets/aa/decor_8x8.png
  artifactKey: Guid(a0aadd7711a1e724fbc211960e58c5dd) Importer(815301076,1909f56bfc062723c751e8b465ee728b)
Start importing Assets/aa/decor_8x8.png using Guid(a0aadd7711a1e724fbc211960e58c5dd) Importer(815301076,1909f56bfc062723c751e8b465ee728b)  -> (artifact id: '26e558ef8f5a7ee69890da5c57e23d11') in 0.025613 seconds 
  Import took 0.027958 seconds .

========================================================================
Received Import Request.
  Time since last request: 0.000196 seconds.
  path: Assets/aa/fences.png
  artifactKey: Guid(154f568db5f8ccd4c9fc3ea322f6fb36) Importer(815301076,1909f56bfc062723c751e8b465ee728b)
Start importing Assets/aa/fences.png using Guid(154f568db5f8ccd4c9fc3ea322f6fb36) Importer(815301076,1909f56bfc062723c751e8b465ee728b)  -> (artifact id: '5e987e4737b50322bc28af9f604f304c') in 0.017429 seconds 
  Import took 0.019806 seconds .

========================================================================
Received Import Request.
  Time since last request: 0.000207 seconds.
  path: Assets/aa/atlas_32x.png
  artifactKey: Guid(48d1f79488dd006498002b54c3c67609) Importer(815301076,1909f56bfc062723c751e8b465ee728b)
Start importing Assets/aa/atlas_32x.png using Guid(48d1f79488dd006498002b54c3c67609) Importer(815301076,1909f56bfc062723c751e8b465ee728b)  -> (artifact id: '8e281b2addb379d767194557681eb1ea') in 1.057786 seconds 
  Import took 1.062389 seconds .

========================================================================
Received Import Request.
  Time since last request: 0.000195 seconds.
  path: Assets/aa/plains.png
  artifactKey: Guid(3d39855f6ac2dd842a6af1600efc97e9) Importer(815301076,1909f56bfc062723c751e8b465ee728b)
Start importing Assets/aa/plains.png using Guid(3d39855f6ac2dd842a6af1600efc97e9) Importer(815301076,1909f56bfc062723c751e8b465ee728b)  -> (artifact id: '5e7f4500979f21f430725c448ed3c65e') in 0.011352 seconds 
  Import took 0.013922 seconds .

========================================================================
Received Prepare
Registering precompiled user dll's ...
Registered in 0.006092 seconds.
Begin MonoManager ReloadAssembly
Native extension for WindowsStandalone target not found
Native extension for WebGL target not found
Refreshing native plugins compatible for Editor in 0.41 ms, found 3 plugins.
Preloading 0 native plugins for Editor in 0.00 ms.
Mono: successfully reloaded assembly
- Completed reload, in  0.916 seconds
Domain Reload Profiling:
	ReloadAssembly (917ms)
		BeginReloadAssembly (117ms)
			ExecutionOrderSort (0ms)
			DisableScriptedObjects (5ms)
			BackupInstance (0ms)
			ReleaseScriptingObjects (0ms)
			CreateAndSetChildDomain (27ms)
		EndReloadAssembly (735ms)
			LoadAssemblies (97ms)
			RebuildTransferFunctionScriptingTraits (0ms)
			SetupTypeCache (262ms)
			ReleaseScriptCaches (1ms)
			RebuildScriptCaches (34ms)
			SetupLoadedEditorAssemblies (260ms)
				LogAssemblyErrors (0ms)
				InitializePlatformSupportModulesInManaged (5ms)
				SetLoadedEditorAssemblies (0ms)
				RefreshPlugins (0ms)
				BeforeProcessingInitializeOnLoad (72ms)
				ProcessInitializeOnLoadAttributes (161ms)
				ProcessInitializeOnLoadMethodAttributes (9ms)
				AfterProcessingInitializeOnLoad (13ms)
				EditorAssembliesLoaded (0ms)
			ExecutionOrderSort2 (0ms)
			AwakeInstancesAfterBackupRestoration (7ms)
Platform modules already initialized, skipping
Refreshing native plugins compatible for Editor in 0.42 ms, found 3 plugins.
Preloading 0 native plugins for Editor in 0.00 ms.
Unloading 2183 Unused Serialized files (Serialized files now loaded: 0)
System memory in use before: 98.5 MB.
System memory in use after: 98.6 MB.

Unloading 17 unused Assets to reduce memory usage. Loaded Objects now: 2646.
Total: 2.533100 ms (FindLiveObjects: 0.141600 ms CreateObjectMapping: 0.073500 ms MarkObjects: 2.305000 ms  DeleteObjects: 0.012300 ms)

AssetImportParameters requested are different than current active one (requested -> active):
  custom:framework-win-MediaFoundation: 216162199b28c13a410421893ffa2e32 -> 
  custom:video-decoder-ogg-theora: a1e56fd34408186e4bbccfd4996cb3dc -> 
  custom:container-muxer-webm: aa71ff27fc2769a1b78a27578f13a17b -> 
  custom:container-demuxer-webm: 4f35f7cbe854078d1ac9338744f61a02 -> 
  custom:container-demuxer-ogg: 62fdf1f143b41e24485cea50d1cbac27 -> 
  custom:video-encoder-webm-vp8: eb34c28f22e8b96e1ab97ce403110664 -> 
  custom:video-decoder-webm-vp8: 9c59270c3fd7afecdb556c50c9e8de78 -> 
  custom:audio-decoder-ogg-vorbis: bf7c407c2cedff20999df2af8eb42d56 -> 
  custom:audio-encoder-webm-vorbis: bf7c407c2cedff20999df2af8eb42d56 -> 
========================================================================
Received Import Request.
  Time since last request: 33.405557 seconds.
  path: Assets/調色
  artifactKey: Guid(60e6e14774c4bb747ad437dce3920ff1) Importer(815301076,1909f56bfc062723c751e8b465ee728b)
Start importing Assets/調色 using Guid(60e6e14774c4bb747ad437dce3920ff1) Importer(815301076,1909f56bfc062723c751e8b465ee728b)  -> (artifact id: '20b0bdb6573de881711c85cc9432fead') in 0.004131 seconds 
  Import took 0.006839 seconds .

========================================================================
Received Import Request.
  Time since last request: 82.541937 seconds.
  path: Assets/調色/調色.prefab
  artifactKey: Guid(3a25014184cf20a43a32a3b7c557bb4b) Importer(815301076,1909f56bfc062723c751e8b465ee728b)
Start importing Assets/調色/調色.prefab using Guid(3a25014184cf20a43a32a3b7c557bb4b) Importer(815301076,1909f56bfc062723c751e8b465ee728b)  -> (artifact id: '8013cbd0496ae712967f90796e970665') in 0.065182 seconds 
  Import took 0.067917 seconds .

========================================================================
Received Import Request.
  Time since last request: 184.164659 seconds.
  path: Assets/aa/plains.png
  artifactKey: Guid(3d39855f6ac2dd842a6af1600efc97e9) Importer(815301076,1909f56bfc062723c751e8b465ee728b)
Start importing Assets/aa/plains.png using Guid(3d39855f6ac2dd842a6af1600efc97e9) Importer(815301076,1909f56bfc062723c751e8b465ee728b)  -> (artifact id: '36672872d24db7f752ff13691fe91110') in 0.011693 seconds 
  Import took 0.015050 seconds .

========================================================================
Received Import Request.
  Time since last request: 322.379296 seconds.
  path: Assets/調色/TilesetGraveyard_0.asset
  artifactKey: Guid(4e0292012e675964fa6660d795ffa828) Importer(815301076,1909f56bfc062723c751e8b465ee728b)
Start importing Assets/調色/TilesetGraveyard_0.asset using Guid(4e0292012e675964fa6660d795ffa828) Importer(815301076,1909f56bfc062723c751e8b465ee728b)  -> (artifact id: '8946d2033203a096d61dd0aa415abef4') in 0.017556 seconds 
  Import took 0.020706 seconds .

========================================================================
Received Import Request.
  Time since last request: 0.000221 seconds.
  path: Assets/調色/TilesetGraveyard_4.asset
  artifactKey: Guid(b6f1acca7d2b2ac4e8ced977c78f2322) Importer(815301076,1909f56bfc062723c751e8b465ee728b)
Start importing Assets/調色/TilesetGraveyard_4.asset using Guid(b6f1acca7d2b2ac4e8ced977c78f2322) Importer(815301076,1909f56bfc062723c751e8b465ee728b)  -> (artifact id: 'e862ba3a80b9fbdb3134d411bc070edf') in 0.009596 seconds 
  Import took 0.012167 seconds .

========================================================================
Received Import Request.
  Time since last request: 0.000199 seconds.
  path: Assets/調色/TilesetGraveyard_3.asset
  artifactKey: Guid(8b9bc41116ca23547b99c6f2c6e773c5) Importer(815301076,1909f56bfc062723c751e8b465ee728b)
Start importing Assets/調色/TilesetGraveyard_3.asset using Guid(8b9bc41116ca23547b99c6f2c6e773c5) Importer(815301076,1909f56bfc062723c751e8b465ee728b)  -> (artifact id: '832137c5cb3a192a063094918f832207') in 0.009792 seconds 
  Import took 0.012560 seconds .

========================================================================
Received Import Request.
  Time since last request: 0.000246 seconds.
  path: Assets/調色/TilesetGraveyard_6.asset
  artifactKey: Guid(13b95f111c5332b429fde7ff1953f5b3) Importer(815301076,1909f56bfc062723c751e8b465ee728b)
Start importing Assets/調色/TilesetGraveyard_6.asset using Guid(13b95f111c5332b429fde7ff1953f5b3) Importer(815301076,1909f56bfc062723c751e8b465ee728b)  -> (artifact id: '1f6bb06145df341a51b9297c2d0478e2') in 0.012907 seconds 
  Import took 0.015440 seconds .

========================================================================
Received Import Request.
  Time since last request: 0.000228 seconds.
  path: Assets/調色/TilesetGraveyard_8.asset
  artifactKey: Guid(dc5e180b87232e04ea6f09a257649997) Importer(815301076,1909f56bfc062723c751e8b465ee728b)
Start importing Assets/調色/TilesetGraveyard_8.asset using Guid(dc5e180b87232e04ea6f09a257649997) Importer(815301076,1909f56bfc062723c751e8b465ee728b)  -> (artifact id: '1c19f4de882fe4d7a1871093ef266be3') in 0.013679 seconds 
  Import took 0.016251 seconds .

========================================================================
Received Import Request.
  Time since last request: 0.000225 seconds.
  path: Assets/調色/TilesetGraveyard_5.asset
  artifactKey: Guid(f8c4954823c7f3b498729b4b968f53ac) Importer(815301076,1909f56bfc062723c751e8b465ee728b)
Start importing Assets/調色/TilesetGraveyard_5.asset using Guid(f8c4954823c7f3b498729b4b968f53ac) Importer(815301076,1909f56bfc062723c751e8b465ee728b)  -> (artifact id: '2dbe545e369dd18508aaef00b35654d2') in 0.015014 seconds 
  Import took 0.017471 seconds .

========================================================================
Received Import Request.
  Time since last request: 0.000229 seconds.
  path: Assets/調色/調色.prefab
  artifactKey: Guid(3a25014184cf20a43a32a3b7c557bb4b) Importer(815301076,1909f56bfc062723c751e8b465ee728b)
Start importing Assets/調色/調色.prefab using Guid(3a25014184cf20a43a32a3b7c557bb4b) Importer(815301076,1909f56bfc062723c751e8b465ee728b)  -> (artifact id: '106048e47d6926098eb5b418615c8f2a') in 0.017753 seconds 
  Import took 0.020270 seconds .

========================================================================
Received Import Request.
  Time since last request: 0.000209 seconds.
  path: Assets/調色/TilesetGraveyard_10.asset
  artifactKey: Guid(f586188f4b40014478a62e0cc7b2142a) Importer(815301076,1909f56bfc062723c751e8b465ee728b)
Start importing Assets/調色/TilesetGraveyard_10.asset using Guid(f586188f4b40014478a62e0cc7b2142a) Importer(815301076,1909f56bfc062723c751e8b465ee728b)  -> (artifact id: 'e089a190f1c36f726ef79b38c0a6c598') in 0.012141 seconds 
  Import took 0.014632 seconds .

========================================================================
Received Import Request.
  Time since last request: 0.000196 seconds.
  path: Assets/調色/TilesetGraveyard_9.asset
  artifactKey: Guid(3ca9bdaa3630003428e657a1615a5136) Importer(815301076,1909f56bfc062723c751e8b465ee728b)
Start importing Assets/調色/TilesetGraveyard_9.asset using Guid(3ca9bdaa3630003428e657a1615a5136) Importer(815301076,1909f56bfc062723c751e8b465ee728b)  -> (artifact id: '6e67ca6658062927ca32c81a7fb3089e') in 0.010691 seconds 
  Import took 0.013385 seconds .

========================================================================
Received Import Request.
  Time since last request: 0.000203 seconds.
  path: Assets/調色/TilesetGraveyard_1.asset
  artifactKey: Guid(a0d2a357bcec88b488bb6bff0ba73731) Importer(815301076,1909f56bfc062723c751e8b465ee728b)
Start importing Assets/調色/TilesetGraveyard_1.asset using Guid(a0d2a357bcec88b488bb6bff0ba73731) Importer(815301076,1909f56bfc062723c751e8b465ee728b)  -> (artifact id: 'a768f01b3a84b33e5ce129a0c5f49d30') in 0.006569 seconds 
  Import took 0.009159 seconds .

========================================================================
Received Import Request.
  Time since last request: 0.000241 seconds.
  path: Assets/調色/TilesetGraveyard_2.asset
  artifactKey: Guid(48acbae37a538e94f861736775de91d7) Importer(815301076,1909f56bfc062723c751e8b465ee728b)
Start importing Assets/調色/TilesetGraveyard_2.asset using Guid(48acbae37a538e94f861736775de91d7) Importer(815301076,1909f56bfc062723c751e8b465ee728b)  -> (artifact id: 'cdcd256096a04d0e80d8a87b3254c7e5') in 0.007021 seconds 
  Import took 0.009818 seconds .

========================================================================
Received Import Request.
  Time since last request: 0.000242 seconds.
  path: Assets/調色/TilesetGraveyard_7.asset
  artifactKey: Guid(601fdc6e68fd77745a2c78a5d678b461) Importer(815301076,1909f56bfc062723c751e8b465ee728b)
Start importing Assets/調色/TilesetGraveyard_7.asset using Guid(601fdc6e68fd77745a2c78a5d678b461) Importer(815301076,1909f56bfc062723c751e8b465ee728b)  -> (artifact id: 'dcc3813f6a5a3b608530def4cb111c04') in 0.011758 seconds 
  Import took 0.014575 seconds .

========================================================================
Received Import Request.
  Time since last request: 249.653324 seconds.
  path: Assets/調色/New Palette 1.prefab
  artifactKey: Guid(694ddc827576229469212b9a4ace6274) Importer(815301076,1909f56bfc062723c751e8b465ee728b)
Start importing Assets/調色/New Palette 1.prefab using Guid(694ddc827576229469212b9a4ace6274) Importer(815301076,1909f56bfc062723c751e8b465ee728b)  -> (artifact id: '01a2a499f2ac44b10cfe6f8aba6b5f5c') in 0.007450 seconds 
  Import took 0.010174 seconds .

========================================================================
Received Import Request.
  Time since last request: 0.000222 seconds.
  path: Assets/調色/New Palette.prefab
  artifactKey: Guid(bfb4fb09abe947742b233b5f77c696b7) Importer(815301076,1909f56bfc062723c751e8b465ee728b)
Start importing Assets/調色/New Palette.prefab using Guid(bfb4fb09abe947742b233b5f77c696b7) Importer(815301076,1909f56bfc062723c751e8b465ee728b)  -> (artifact id: '085dad1c2c19a69a8af126ab345452e8') in 0.009348 seconds 
  Import took 0.012479 seconds .

========================================================================
Received Import Request.
  Time since last request: 21.515327 seconds.
  path: Assets/調色/111.prefab
  artifactKey: Guid(d06d68d1f8038814fbdf092f8c825637) Importer(815301076,1909f56bfc062723c751e8b465ee728b)
Start importing Assets/調色/111.prefab using Guid(d06d68d1f8038814fbdf092f8c825637) Importer(815301076,1909f56bfc062723c751e8b465ee728b)  -> (artifact id: 'a637a9f210b86a73f9cb8efbfc7eb606') in 0.015435 seconds 
  Import took 0.018567 seconds .

========================================================================
Received Import Request.
  Time since last request: 959.156205 seconds.
  path: Assets/調色/111.prefab
  artifactKey: Guid(d06d68d1f8038814fbdf092f8c825637) Importer(815301076,1909f56bfc062723c751e8b465ee728b)
Start importing Assets/調色/111.prefab using Guid(d06d68d1f8038814fbdf092f8c825637) Importer(815301076,1909f56bfc062723c751e8b465ee728b)  -> (artifact id: '35d2e9f45320a4b1da4d7a63a7d956a3') in 0.022940 seconds 
  Import took 0.026047 seconds .

========================================================================
Received Import Request.
  Time since last request: 0.000249 seconds.
  path: Assets/調色/TilesetGraveyard_16.asset
  artifactKey: Guid(af8825e9d6d9f994cb71ab55b09960ac) Importer(815301076,1909f56bfc062723c751e8b465ee728b)
Start importing Assets/調色/TilesetGraveyard_16.asset using Guid(af8825e9d6d9f994cb71ab55b09960ac) Importer(815301076,1909f56bfc062723c751e8b465ee728b)  -> (artifact id: '083dbdeafd63d318ba0d2e7695216a0c') in 0.011725 seconds 
  Import took 0.014218 seconds .

========================================================================
Received Import Request.
  Time since last request: 0.000199 seconds.
  path: Assets/調色/TilesetGraveyard_20.asset
  artifactKey: Guid(585d83af00a50864984b7c8642d7bed8) Importer(815301076,1909f56bfc062723c751e8b465ee728b)
Start importing Assets/調色/TilesetGraveyard_20.asset using Guid(585d83af00a50864984b7c8642d7bed8) Importer(815301076,1909f56bfc062723c751e8b465ee728b)  -> (artifact id: '89fcbdf5864b4e5fedb84c7479a32a41') in 0.014458 seconds 
  Import took 0.017075 seconds .

========================================================================
Received Import Request.
  Time since last request: 0.000236 seconds.
  path: Assets/調色/TilesetGraveyard_15.asset
  artifactKey: Guid(1dbba1564b2b144489df0337a6ea350c) Importer(815301076,1909f56bfc062723c751e8b465ee728b)
Start importing Assets/調色/TilesetGraveyard_15.asset using Guid(1dbba1564b2b144489df0337a6ea350c) Importer(815301076,1909f56bfc062723c751e8b465ee728b)  -> (artifact id: '4fd099a0a7c4e1bbea11379647dd6190') in 0.008309 seconds 
  Import took 0.010927 seconds .

========================================================================
Received Import Request.
  Time since last request: 0.000208 seconds.
  path: Assets/調色/TilesetGraveyard_17.asset
  artifactKey: Guid(ff355540d09fd694984fed13de706fe4) Importer(815301076,1909f56bfc062723c751e8b465ee728b)
Start importing Assets/調色/TilesetGraveyard_17.asset using Guid(ff355540d09fd694984fed13de706fe4) Importer(815301076,1909f56bfc062723c751e8b465ee728b)  -> (artifact id: '459a0c00d02bcd3d3e8ddd920ae89ee4') in 0.011485 seconds 
  Import took 0.014501 seconds .

========================================================================
Received Import Request.
  Time since last request: 0.000177 seconds.
  path: Assets/調色/TilesetGraveyard_25.asset
  artifactKey: Guid(d73def46f60dffb499cff36203468a9d) Importer(815301076,1909f56bfc062723c751e8b465ee728b)
Start importing Assets/調色/TilesetGraveyard_25.asset using Guid(d73def46f60dffb499cff36203468a9d) Importer(815301076,1909f56bfc062723c751e8b465ee728b)  -> (artifact id: '30d727a1cb3df300c632737a38b83b0d') in 0.013798 seconds 
  Import took 0.016589 seconds .

========================================================================
Received Import Request.
  Time since last request: 0.000216 seconds.
  path: Assets/調色/TilesetGraveyard_21.asset
  artifactKey: Guid(37063d5a35530ca45b13e4b42fe02a9a) Importer(815301076,1909f56bfc062723c751e8b465ee728b)
Start importing Assets/調色/TilesetGraveyard_21.asset using Guid(37063d5a35530ca45b13e4b42fe02a9a) Importer(815301076,1909f56bfc062723c751e8b465ee728b)  -> (artifact id: '68f433983427f0ee15573f01fd7032f4') in 0.016816 seconds 
  Import took 0.019976 seconds .

========================================================================
Received Import Request.
  Time since last request: 0.000252 seconds.
  path: Assets/調色/TilesetGraveyard_18.asset
  artifactKey: Guid(3001d037ef7eb8b45983ba3b31fe99c6) Importer(815301076,1909f56bfc062723c751e8b465ee728b)
Start importing Assets/調色/TilesetGraveyard_18.asset using Guid(3001d037ef7eb8b45983ba3b31fe99c6) Importer(815301076,1909f56bfc062723c751e8b465ee728b)  -> (artifact id: '666ac150dd10ff5ad2232d23512585f9') in 0.005806 seconds 
  Import took 0.008448 seconds .

========================================================================
Received Import Request.
  Time since last request: 0.000201 seconds.
  path: Assets/調色/TilesetGraveyard_23.asset
  artifactKey: Guid(80b75c94e870ada44ab602b439b66020) Importer(815301076,1909f56bfc062723c751e8b465ee728b)
Start importing Assets/調色/TilesetGraveyard_23.asset using Guid(80b75c94e870ada44ab602b439b66020) Importer(815301076,1909f56bfc062723c751e8b465ee728b)  -> (artifact id: 'b07bb36a79a4ec11cdedbab2fb878c08') in 0.005464 seconds 
  Import took 0.008009 seconds .

========================================================================
Received Import Request.
  Time since last request: 0.000203 seconds.
  path: Assets/調色/TilesetGraveyard_11.asset
  artifactKey: Guid(756e9f5e51758914caab52a02b663d44) Importer(815301076,1909f56bfc062723c751e8b465ee728b)
Start importing Assets/調色/TilesetGraveyard_11.asset using Guid(756e9f5e51758914caab52a02b663d44) Importer(815301076,1909f56bfc062723c751e8b465ee728b)  -> (artifact id: 'a805f6a722b9036a40a89e4c2a9e775c') in 0.005609 seconds 
  Import took 0.008265 seconds .

========================================================================
Received Import Request.
  Time since last request: 0.000201 seconds.
  path: Assets/調色/TilesetGraveyard_14.asset
  artifactKey: Guid(18ec2d3431b3e924499ef56cacaaddbd) Importer(815301076,1909f56bfc062723c751e8b465ee728b)
Start importing Assets/調色/TilesetGraveyard_14.asset using Guid(18ec2d3431b3e924499ef56cacaaddbd) Importer(815301076,1909f56bfc062723c751e8b465ee728b)  -> (artifact id: '068476e3236e15aab95bf68cf910dee5') in 0.005523 seconds 
  Import took 0.008152 seconds .

========================================================================
Received Import Request.
  Time since last request: 0.000217 seconds.
  path: Assets/調色/TilesetGraveyard_13.asset
  artifactKey: Guid(bd9795b1586d9694593da2c90dd39368) Importer(815301076,1909f56bfc062723c751e8b465ee728b)
Start importing Assets/調色/TilesetGraveyard_13.asset using Guid(bd9795b1586d9694593da2c90dd39368) Importer(815301076,1909f56bfc062723c751e8b465ee728b)  -> (artifact id: 'ed8109e25f60f2be7b36ace89e46f30e') in 0.005815 seconds 
  Import took 0.008819 seconds .

========================================================================
Received Import Request.
  Time since last request: 0.000357 seconds.
  path: Assets/調色/TilesetGraveyard_19.asset
  artifactKey: Guid(68c3d1ee585cc634c987d32b47b5a742) Importer(815301076,1909f56bfc062723c751e8b465ee728b)
Start importing Assets/調色/TilesetGraveyard_19.asset using Guid(68c3d1ee585cc634c987d32b47b5a742) Importer(815301076,1909f56bfc062723c751e8b465ee728b)  -> (artifact id: 'cc074eef2b07ccf62443f5a099f64c4e') in 0.005442 seconds 
  Import took 0.008325 seconds .

========================================================================
Received Import Request.
  Time since last request: 0.000183 seconds.
  path: Assets/調色/TilesetGraveyard_24.asset
  artifactKey: Guid(54fe1f4bb5c21c54da71138d12ca9bfa) Importer(815301076,1909f56bfc062723c751e8b465ee728b)
Start importing Assets/調色/TilesetGraveyard_24.asset using Guid(54fe1f4bb5c21c54da71138d12ca9bfa) Importer(815301076,1909f56bfc062723c751e8b465ee728b)  -> (artifact id: 'f8291c33e77533cbb70db9719bfce4a3') in 0.005341 seconds 
  Import took 0.008015 seconds .

========================================================================
Received Import Request.
  Time since last request: 0.000195 seconds.
  path: Assets/調色/TilesetGraveyard_22.asset
  artifactKey: Guid(c042e26c75c8e96488b54ac75aace764) Importer(815301076,1909f56bfc062723c751e8b465ee728b)
Start importing Assets/調色/TilesetGraveyard_22.asset using Guid(c042e26c75c8e96488b54ac75aace764) Importer(815301076,1909f56bfc062723c751e8b465ee728b)  -> (artifact id: '6956675ef553a68ef8f1103a85ad4a9d') in 0.005449 seconds 
  Import took 0.008283 seconds .

========================================================================
Received Import Request.
  Time since last request: 0.000221 seconds.
  path: Assets/調色/TilesetGraveyard_12.asset
  artifactKey: Guid(b32360026ed06dd4782a8a3ea15ec7d2) Importer(815301076,1909f56bfc062723c751e8b465ee728b)
Start importing Assets/調色/TilesetGraveyard_12.asset using Guid(b32360026ed06dd4782a8a3ea15ec7d2) Importer(815301076,1909f56bfc062723c751e8b465ee728b)  -> (artifact id: '7544092db6b9742cc6bf63a5e80e17aa') in 0.006296 seconds 
  Import took 0.009317 seconds .

========================================================================
Received Import Request.
  Time since last request: 0.305367 seconds.
  path: Assets/調色/TilesetGraveyard_26.asset
  artifactKey: Guid(517b51cd71aadf64f9cd8522fae63fc6) Importer(815301076,1909f56bfc062723c751e8b465ee728b)
Start importing Assets/調色/TilesetGraveyard_26.asset using Guid(517b51cd71aadf64f9cd8522fae63fc6) Importer(815301076,1909f56bfc062723c751e8b465ee728b)  -> (artifact id: '97d6d31bdbc4ee54a46d231704cb615f') in 0.005362 seconds 
  Import took 0.008175 seconds .

========================================================================
Received Import Request.
  Time since last request: 0.000211 seconds.
  path: Assets/調色/TilesetGraveyard_27.asset
  artifactKey: Guid(79feaa682bf27de42935233b0bd85e17) Importer(815301076,1909f56bfc062723c751e8b465ee728b)
Start importing Assets/調色/TilesetGraveyard_27.asset using Guid(79feaa682bf27de42935233b0bd85e17) Importer(815301076,1909f56bfc062723c751e8b465ee728b)  -> (artifact id: '0143ecc6bd3ac210938226b659152400') in 0.006724 seconds 
  Import took 0.009210 seconds .

========================================================================
Received Import Request.
  Time since last request: 0.024572 seconds.
  path: Assets/調色/TilesetGraveyard_28.asset
  artifactKey: Guid(042117a2e51ad1b42bfd42da0de3d8f6) Importer(815301076,1909f56bfc062723c751e8b465ee728b)
Start importing Assets/調色/TilesetGraveyard_28.asset using Guid(042117a2e51ad1b42bfd42da0de3d8f6) Importer(815301076,1909f56bfc062723c751e8b465ee728b)  -> (artifact id: 'dd5a4c6a2fd2056f567583bc123937cb') in 0.006489 seconds 
  Import took 0.009462 seconds .

========================================================================
Received Import Request.
  Time since last request: 0.000224 seconds.
  path: Assets/調色/TilesetGraveyard_29.asset
  artifactKey: Guid(6710404f49cb0dd48bf216f0fc2b601b) Importer(815301076,1909f56bfc062723c751e8b465ee728b)
Start importing Assets/調色/TilesetGraveyard_29.asset using Guid(6710404f49cb0dd48bf216f0fc2b601b) Importer(815301076,1909f56bfc062723c751e8b465ee728b)  -> (artifact id: '8e0f60293d18b0e087a10e0cf1a8d11f') in 0.006534 seconds 
  Import took 0.009842 seconds .

========================================================================
Received Import Request.
  Time since last request: 0.025995 seconds.
  path: Assets/調色/TilesetGraveyard_30.asset
  artifactKey: Guid(6e74cea1ca3d7754c9677e9fb79c6684) Importer(815301076,1909f56bfc062723c751e8b465ee728b)
Start importing Assets/調色/TilesetGraveyard_30.asset using Guid(6e74cea1ca3d7754c9677e9fb79c6684) Importer(815301076,1909f56bfc062723c751e8b465ee728b)  -> (artifact id: 'd8ab1dcf000319cc522fcc1bb4e29cea') in 0.005485 seconds 
  Import took 0.008433 seconds .

========================================================================
Received Import Request.
  Time since last request: 0.000200 seconds.
  path: Assets/調色/TilesetGraveyard_31.asset
  artifactKey: Guid(1f7d5bc4e5084be4a93a22ed9b518c5b) Importer(815301076,1909f56bfc062723c751e8b465ee728b)
Start importing Assets/調色/TilesetGraveyard_31.asset using Guid(1f7d5bc4e5084be4a93a22ed9b518c5b) Importer(815301076,1909f56bfc062723c751e8b465ee728b)  -> (artifact id: '84df5c5f7aac736afdec08c6b33be7dd') in 0.005507 seconds 
  Import took 0.007909 seconds .

========================================================================
Received Import Request.
  Time since last request: 0.223263 seconds.
  path: Assets/調色/TilesetGraveyard_32.asset
  artifactKey: Guid(f5403b97908c2d14781fea965833c4d2) Importer(815301076,1909f56bfc062723c751e8b465ee728b)
Start importing Assets/調色/TilesetGraveyard_32.asset using Guid(f5403b97908c2d14781fea965833c4d2) Importer(815301076,1909f56bfc062723c751e8b465ee728b)  -> (artifact id: 'b6cde8ad667a93969d7394c173e8b789') in 0.005976 seconds 
  Import took 0.009177 seconds .

========================================================================
Received Import Request.
  Time since last request: 0.000229 seconds.
  path: Assets/調色/TilesetGraveyard_33.asset
  artifactKey: Guid(3c79de699f9817243ab3558120a3c472) Importer(815301076,1909f56bfc062723c751e8b465ee728b)
Start importing Assets/調色/TilesetGraveyard_33.asset using Guid(3c79de699f9817243ab3558120a3c472) Importer(815301076,1909f56bfc062723c751e8b465ee728b)  -> (artifact id: '342fd368d40beae5b0ff9b9ec0f185db') in 0.006314 seconds 
  Import took 0.009031 seconds .

========================================================================
Received Import Request.
  Time since last request: 0.027423 seconds.
  path: Assets/調色/TilesetGraveyard_34.asset
  artifactKey: Guid(f111e1b93f73bd54db5956ffbf1b182a) Importer(815301076,1909f56bfc062723c751e8b465ee728b)
Start importing Assets/調色/TilesetGraveyard_34.asset using Guid(f111e1b93f73bd54db5956ffbf1b182a) Importer(815301076,1909f56bfc062723c751e8b465ee728b)  -> (artifact id: '777ee5739b1a3fd41f2352efec76d740') in 0.006240 seconds 
  Import took 0.009358 seconds .

========================================================================
Received Import Request.
  Time since last request: 0.000225 seconds.
  path: Assets/調色/TilesetGraveyard_35.asset
  artifactKey: Guid(db068b18c611b9347af36e0ca1968df2) Importer(815301076,1909f56bfc062723c751e8b465ee728b)
Start importing Assets/調色/TilesetGraveyard_35.asset using Guid(db068b18c611b9347af36e0ca1968df2) Importer(815301076,1909f56bfc062723c751e8b465ee728b)  -> (artifact id: '3f3135fe8b818de5afd20fc72f8ec393') in 0.006259 seconds 
  Import took 0.009113 seconds .

========================================================================
Received Import Request.
  Time since last request: 165.258200 seconds.
  path: Assets/aa/TilesetGraveyard.png
  artifactKey: Guid(d0324b9aaa713264cb1f0d145fafb6d3) Importer(815301076,1909f56bfc062723c751e8b465ee728b)
Start importing Assets/aa/TilesetGraveyard.png using Guid(d0324b9aaa713264cb1f0d145fafb6d3) Importer(815301076,1909f56bfc062723c751e8b465ee728b)  -> (artifact id: '83d244ce82a23e7aeed2ddea7ab0575c') in 0.245568 seconds 
  Import took 0.248655 seconds .

========================================================================
Received Import Request.
  Time since last request: 271.072095 seconds.
  path: Assets/aa/decor_16x16.png
  artifactKey: Guid(e1147793e19fbc84a829cf7aaae735d5) Importer(815301076,1909f56bfc062723c751e8b465ee728b)
Start importing Assets/aa/decor_16x16.png using Guid(e1147793e19fbc84a829cf7aaae735d5) Importer(815301076,1909f56bfc062723c751e8b465ee728b)  -> (artifact id: 'dee95d3c200955abdf5519a2d4506ca3') in 0.034366 seconds 
  Import took 0.037139 seconds .

========================================================================
Received Import Request.
  Time since last request: 193.730211 seconds.
  path: Assets/aa/atlas_32x.png
  artifactKey: Guid(48d1f79488dd006498002b54c3c67609) Importer(815301076,1909f56bfc062723c751e8b465ee728b)
Start importing Assets/aa/atlas_32x.png using Guid(48d1f79488dd006498002b54c3c67609) Importer(815301076,1909f56bfc062723c751e8b465ee728b)  -> (artifact id: '3d2eef26854af5ccac4046f296d04d9c') in 1.240703 seconds 
  Import took 1.245772 seconds .

========================================================================
Received Import Request.
  Time since last request: 50.714890 seconds.
  path: Assets/aa/plains.png
  artifactKey: Guid(3d39855f6ac2dd842a6af1600efc97e9) Importer(815301076,1909f56bfc062723c751e8b465ee728b)
Start importing Assets/aa/plains.png using Guid(3d39855f6ac2dd842a6af1600efc97e9) Importer(815301076,1909f56bfc062723c751e8b465ee728b)  -> (artifact id: '11e29f4565ca5353da5290c500b484fb') in 0.104900 seconds 
  Import took 0.107675 seconds .

========================================================================
Received Import Request.
  Time since last request: 267.848769 seconds.
  path: Assets/調色/111.prefab
  artifactKey: Guid(d06d68d1f8038814fbdf092f8c825637) Importer(815301076,1909f56bfc062723c751e8b465ee728b)
Start importing Assets/調色/111.prefab using Guid(d06d68d1f8038814fbdf092f8c825637) Importer(815301076,1909f56bfc062723c751e8b465ee728b)  -> (artifact id: '6b398409ed7d07169dbca64a1b0e4ab5') in 0.024993 seconds 
  Import took 0.027971 seconds .

========================================================================
Received Import Request.
  Time since last request: 139.605315 seconds.
  path: Assets/aa/Plants and Trees.png
  artifactKey: Guid(ef1f0e0fa72977142bb3b3ef8728ee3c) Importer(815301076,1909f56bfc062723c751e8b465ee728b)
Start importing Assets/aa/Plants and Trees.png using Guid(ef1f0e0fa72977142bb3b3ef8728ee3c) Importer(815301076,1909f56bfc062723c751e8b465ee728b)  -> (artifact id: 'b41a24174d502d7dee3988cdb073ec57') in 0.013000 seconds 
  Import took 0.016120 seconds .

========================================================================
Received Import Request.
  Time since last request: 22.519550 seconds.
  path: Assets/aa/plains.png
  artifactKey: Guid(3d39855f6ac2dd842a6af1600efc97e9) Importer(815301076,1909f56bfc062723c751e8b465ee728b)
Start importing Assets/aa/plains.png using Guid(3d39855f6ac2dd842a6af1600efc97e9) Importer(815301076,1909f56bfc062723c751e8b465ee728b)  -> (artifact id: 'ed7667c45be7cd3f4b51d43775416a33') in 0.130047 seconds 
  Import took 0.132832 seconds .

========================================================================
Received Import Request.
  Time since last request: 14.364600 seconds.
  path: Assets/aa/Plants and Trees.png
  artifactKey: Guid(ef1f0e0fa72977142bb3b3ef8728ee3c) Importer(815301076,1909f56bfc062723c751e8b465ee728b)
Start importing Assets/aa/Plants and Trees.png using Guid(ef1f0e0fa72977142bb3b3ef8728ee3c) Importer(815301076,1909f56bfc062723c751e8b465ee728b)  -> (artifact id: '75c0ce364a94739bbfa7d5cc813d3a54') in 0.006268 seconds 
  Import took 0.009121 seconds .

========================================================================
Received Import Request.
  Time since last request: 10.758583 seconds.
  path: Assets/aa/Plants and Trees.png
  artifactKey: Guid(ef1f0e0fa72977142bb3b3ef8728ee3c) Importer(815301076,1909f56bfc062723c751e8b465ee728b)
Start importing Assets/aa/Plants and Trees.png using Guid(ef1f0e0fa72977142bb3b3ef8728ee3c) Importer(815301076,1909f56bfc062723c751e8b465ee728b)  -> (artifact id: 'cbb9e66486e89b7e712c3f5de12d654a') in 0.061178 seconds 
  Import took 0.063916 seconds .

========================================================================
Received Import Request.
  Time since last request: 538.361430 seconds.
  path: Assets/aa/grass.png
  artifactKey: Guid(fc8e3c7ed7b99504cbe49800641515f3) Importer(815301076,1909f56bfc062723c751e8b465ee728b)
Start importing Assets/aa/grass.png using Guid(fc8e3c7ed7b99504cbe49800641515f3) Importer(815301076,1909f56bfc062723c751e8b465ee728b)  -> (artifact id: '02c37e524be91ab6306854ade5bba3db') in 0.007222 seconds 
  Import took 0.010020 seconds .

========================================================================
Received Import Request.
  Time since last request: 1897.875155 seconds.
  path: Assets/aa/tilesetPlains.png
  artifactKey: Guid(20f9aa77653d1504183f071558cd155a) Importer(815301076,1909f56bfc062723c751e8b465ee728b)
Start importing Assets/aa/tilesetPlains.png using Guid(20f9aa77653d1504183f071558cd155a) Importer(815301076,1909f56bfc062723c751e8b465ee728b)  -> (artifact id: '13dc796a81d50e3a3a5610e6c71afe0d') in 0.017205 seconds 
  Import took 0.020217 seconds .

========================================================================
Received Import Request.
  Time since last request: 8.030654 seconds.
  path: Assets/aa/tilesetPlains.png
  artifactKey: Guid(20f9aa77653d1504183f071558cd155a) Importer(815301076,1909f56bfc062723c751e8b465ee728b)
Start importing Assets/aa/tilesetPlains.png using Guid(20f9aa77653d1504183f071558cd155a) Importer(815301076,1909f56bfc062723c751e8b465ee728b)  -> (artifact id: '398a8ebc895555003f6db58d50c0ae48') in 0.006624 seconds 
  Import took 0.009399 seconds .

========================================================================
Received Import Request.
  Time since last request: 8.073231 seconds.
  path: Assets/aa/tilesetPlains.png
  artifactKey: Guid(20f9aa77653d1504183f071558cd155a) Importer(815301076,1909f56bfc062723c751e8b465ee728b)
Start importing Assets/aa/tilesetPlains.png using Guid(20f9aa77653d1504183f071558cd155a) Importer(815301076,1909f56bfc062723c751e8b465ee728b)  -> (artifact id: '5e52b8e6a987a56abbcf1fb068d9e80a') in 0.225774 seconds 
  Import took 0.229247 seconds .

========================================================================
Received Import Request.
  Time since last request: 109.882834 seconds.
  path: Assets/aa/tilesetPlains.png
  artifactKey: Guid(20f9aa77653d1504183f071558cd155a) Importer(815301076,1909f56bfc062723c751e8b465ee728b)
Start importing Assets/aa/tilesetPlains.png using Guid(20f9aa77653d1504183f071558cd155a) Importer(815301076,1909f56bfc062723c751e8b465ee728b)  -> (artifact id: 'b16b2f696c1904869904da7f76f2e106') in 0.386939 seconds 
  Import took 0.390323 seconds .

========================================================================
Received Import Request.
  Time since last request: 149.344083 seconds.
  path: Assets/aa/grass.png
  artifactKey: Guid(fc8e3c7ed7b99504cbe49800641515f3) Importer(815301076,1909f56bfc062723c751e8b465ee728b)
Start importing Assets/aa/grass.png using Guid(fc8e3c7ed7b99504cbe49800641515f3) Importer(815301076,1909f56bfc062723c751e8b465ee728b)  -> (artifact id: 'bfca9262e13785e83b6ec64c1a83d3e3') in 0.031882 seconds 
  Import took 0.034740 seconds .

========================================================================
Received Import Request.
  Time since last request: 1021.754155 seconds.
  path: Assets/Square.png
  artifactKey: Guid(29b5aa60d8c93754786741f43d764306) Importer(815301076,1909f56bfc062723c751e8b465ee728b)
Start importing Assets/Square.png using Guid(29b5aa60d8c93754786741f43d764306) Importer(815301076,1909f56bfc062723c751e8b465ee728b)  -> (artifact id: 'e22e6face5990ebd262d8cfd846491c2') in 0.010551 seconds 
  Import took 0.013732 seconds .

AssetImportWorkerClient::OnTransportError - code=2 error=End of file
